Arguments: 
  C:\Program Files\nodejs\node.exe C:\Users\06\AppData\Roaming\npm\node_modules\yarn\bin\yarn.js add @truffle/hswallte-provider

PATH: 
  E:\jdk\bin;H:\apache-maven-3.8.1\bin;C:\ProgramData\Oracle\Java\javapath;C:\WINDOWS\system32;C:\WINDOWS;C:\WINDOWS\System32\Wbem;C:\WINDOWS\System32\WindowsPowerShell\v1.0\;C:\WINDOWS\System32\OpenSSH\;C:\Program Files\Git\cmd;E:\gradle-7.1\bin;H:\web3j-cli-shadow-1.4.1\bin;;C:\Program Files\Docker\Docker\resources\bin;C:\ProgramData\DockerDesktop\version-bin;H:\Go\bin;H:\MinGW\mingw64\bin;H:\Xshell\;H:\Xftp\;C:\Program Files\nodejs\;C:\ProgramData\chocolatey\bin;C:\Users\06\AppData\Local\Programs\Python\Python39\Scripts\;C:\Users\06\AppData\Local\Programs\Python\Python39\;C:\Users\06\AppData\Local\Microsoft\WindowsApps;C:\Users\06\AppData\Local\Programs\Microsoft VS Code\bin;E:\Bandizip\;C:\Users\06\AppData\Local\GitHubDesktop\bin;C:\Users\06\AppData\Local\Microsoft\WindowsApps;C:\Users\06\AppData\Roaming\npm

Yarn version: 
  1.22.11

Node version: 
  16.10.0

Platform: 
  win32 x64

Trace: 
  Error: https://registry.npm.taobao.org/@truffle%2fhswallte-provider: Not found
      at Request.params.callback [as _callback] (C:\Users\06\AppData\Roaming\npm\node_modules\yarn\lib\cli.js:66992:18)
      at Request.self.callback (C:\Users\06\AppData\Roaming\npm\node_modules\yarn\lib\cli.js:140763:22)
      at Request.emit (node:events:390:28)
      at Request.<anonymous> (C:\Users\06\AppData\Roaming\npm\node_modules\yarn\lib\cli.js:141735:10)
      at Request.emit (node:events:390:28)
      at IncomingMessage.<anonymous> (C:\Users\06\AppData\Roaming\npm\node_modules\yarn\lib\cli.js:141657:12)
      at Object.onceWrapper (node:events:509:28)
      at IncomingMessage.emit (node:events:402:35)
      at endReadableNT (node:internal/streams/readable:1343:12)
      at processTicksAndRejections (node:internal/process/task_queues:83:21)

npm manifest: 
  {
    "name": "RNGToken",
    "version": "1.0.0",
    "main": "truffle-config.js",
    "repository": "http://",
    "author": "DengJie",
    "license": "MIT",
    "dependencies": {
      "dotenv": "^10.0.0"
    }
  }

yarn manifest: 
  No manifest

Lockfile: 
  # THIS IS AN AUTOGENERATED FILE. DO NOT EDIT THIS FILE DIRECTLY.
  # yarn lockfile v1
  
  
  "dotenv@^10.0.0":
    "integrity" "sha1-PUInuPuV+BCWzdK2ZlP7LHCFuoE="
    "resolved" "https://registry.nlark.com/dotenv/download/dotenv-10.0.0.tgz?cache=0&sync_timestamp=1621627076012&other_urls=https%3A%2F%2Fregistry.nlark.com%2Fdotenv%2Fdownload%2Fdotenv-10.0.0.tgz"
    "version" "10.0.0"
